Arguments: 
  /home/jayce/.asdf/installs/nodejs/13.14.0/bin/node /home/jayce/.asdf/installs/nodejs/13.14.0/.npm/bin/yarn init

PATH: 
  /home/jayce/.asdf/plugins/nodejs/shims:/home/jayce/.asdf/installs/nodejs/13.14.0/.npm/bin:/home/jayce/.asdf/installs/nodejs/13.14.0/bin:/home/jayce/.asdf/shims:/home/jayce/.asdf/bin:/opt/gradle/latest/bin:/usr/local/sbin:/usr/local/bin:/usr/sbin:/usr/bin:/sbin:/bin:/usr/games:/usr/local/games:/snap/bin:/snap/bin:/home/jayce/Android/Sdk/emulator:/home/jayce/Android/Sdk/tools:/home/jayce/Android/Sdk/tools/bin:/home/jayce/Android/Sdk/platform-tools:/home/jayce/android-studio/bin:/home/jayce/Android/Sdk/emulator:/home/jayce/Android/Sdk/tools:/home/jayce/Android/Sdk/tools/bin:/home/jayce/Android/Sdk/platform-tools:/home/jayce/android-studio/bin

Yarn version: 
  1.22.11

Node version: 
  13.14.0

Platform: 
  linux x64

Trace: 
  Error: canceled
      at Interface.<anonymous> (/home/jayce/.asdf/installs/nodejs/13.14.0/.npm/lib/node_modules/yarn/lib/cli.js:137023:13)
      at Interface.emit (events.js:315:20)
      at Interface._ttyWrite (readline.js:873:16)
      at ReadStream.onkeypress (readline.js:213:10)
      at ReadStream.emit (events.js:315:20)
      at emitKeys (internal/readline/utils.js:335:14)
      at emitKeys.next (<anonymous>)
      at ReadStream.onData (readline.js:1140:36)
      at ReadStream.emit (events.js:315:20)
      at addChunk (_stream_readable.js:297:12)

npm manifest: 
  No manifest

yarn manifest: 
  No manifest

Lockfile: 
  No lockfile
